<?xml version="1.0" encoding="UTF-8"?>
<!-- Generated by org.testng.reporters.JUnitReportReporter -->
<testsuite hostname="Chesschamp123" failures="0" tests="1" name="com.Salesforce.test.SfdcAutomation" time="32.024" errors="0" timestamp="2024-07-07T01:51:46 CDT" skipped="0">
  <testcase classname="com.Salesforce.test.SfdcAutomation" name="Sfdcrememberme" time="32.024"/>
</testsuite> <!-- com.Salesforce.test.SfdcAutomation -->
