<?xml version="1.0" encoding="UTF-8"?>
<!-- Generated by org.testng.reporters.JUnitReportReporter -->
<testsuite hostname="Chesschamp123" failures="0" tests="5" name="com.Salesforce.runners.RunnerLoginpage" time="48.917" errors="0" timestamp="2024-07-07T21:29:27 CDT" skipped="0">
  <testcase classname="com.Salesforce.runners.RunnerLoginpage" name="runScenario" time="4.354"/>
  <testcase classname="com.Salesforce.runners.RunnerLoginpage" name="runScenario" time="5.622"/>
  <testcase classname="com.Salesforce.runners.RunnerLoginpage" name="runScenario" time="21.013"/>
  <testcase classname="com.Salesforce.runners.RunnerLoginpage" name="runScenario" time="6.360"/>
  <testcase classname="com.Salesforce.runners.RunnerLoginpage" name="runScenario" time="11.568"/>
</testsuite> <!-- com.Salesforce.runners.RunnerLoginpage -->
