<?xml version="1.0" encoding="UTF-8"?>
<!-- Generated by org.testng.reporters.JUnitReportReporter -->
<testsuite hostname="Chesschamp123" failures="0" tests="1" name="com.Salesforce.base.BaseSFfunctionality" time="12.084" errors="0" timestamp="2024-06-25T00:00:24 CDT" skipped="0">
  <testcase classname="com.Salesforce.base.BaseSFfunctionality" name="SfcommonLogin" time="12.084"/>
</testsuite> <!-- com.Salesforce.base.BaseSFfunctionality -->
