<?xml version="1.0" encoding="UTF-8"?>
<!-- Generated by org.testng.reporters.JUnitReportReporter -->
<testsuite hostname="Chesschamp123" failures="0" tests="5" name="com.Salesforce.test.SfdcAutomation" time="43.394" errors="0" timestamp="2024-07-07T21:40:30 CDT" skipped="0">
  <testcase classname="com.Salesforce.test.SfdcAutomation" name="SfdcInvalidUsernamePwd" time="4.837"/>
  <testcase classname="com.Salesforce.test.SfdcAutomation" name="Sdfcloginpositive" time="8.602"/>
  <testcase classname="com.Salesforce.test.SfdcAutomation" name="Sfdcrememberme" time="12.477"/>
  <testcase classname="com.Salesforce.test.SfdcAutomation" name="Sfdcinvalidlogin" time="4.459"/>
  <testcase classname="com.Salesforce.test.SfdcAutomation" name="Sfdcforgotpwd" time="13.019"/>
</testsuite> <!-- com.Salesforce.test.SfdcAutomation -->
